  Camera.cpp
C:\Users\jvill\Desktop\UNIIIII\tpv_good_i_hope\ProyectosIG_x64_VS2019_FG\IG1App\Camera.cpp(117,1): error C2059: error de sintaxis: '}'
